#
# There is insufficient memory for the Java Runtime Environment to continue.
# Native memory allocation (mmap) failed to map 16777216 bytes for G1 virtual space
# Possible reasons:
#   The system is out of physical RAM or swap space
#   The process is running with CompressedOops enabled, and the Java Heap may be blocking the growth of the native heap
# Possible solutions:
#   Reduce memory load on the system
#   Increase physical memory or swap space
#   Check if swap backing store is full
#   Decrease Java heap size (-Xmx/-Xms)
#   Decrease number of Java threads
#   Decrease Java thread stack sizes (-Xss)
#   Set larger code cache with -XX:ReservedCodeCacheSize=
#   JVM is running with Unscaled Compressed Oops mode in which the Java heap is
#     placed in the first 4GB address space. The Java Heap base address is the
#     maximum limit for the native heap growth. Please use -XX:HeapBaseMinAddress
#     to set the Java Heap base and to place the Java Heap above 4GB virtual address.
# This output file may be truncated or incomplete.
#
#  Out of Memory Error (os_windows.cpp:3559), pid=77312, tid=65140
#
# JRE version: OpenJDK Runtime Environment Temurin-17.0.7+7 (17.0.7+7) (build 17.0.7+7)
# Java VM: OpenJDK 64-Bit Server VM Temurin-17.0.7+7 (17.0.7+7, mixed mode, emulated-client, sharing, tiered, compressed oops, compressed class ptrs, g1 gc, windows-amd64)
# No core dump will be written. Minidumps are not enabled by default on client versions of Windows
#

---------------  S U M M A R Y ------------

Command Line: -XX:TieredStopAtLevel=1 -Dspring.output.ansi.enabled=always -Dcom.sun.management.jmxremote -Dspring.jmx.enabled=true -Dspring.liveBeansView.mbeanDomain -Dspring.application.admin.enabled=true -Dmanagement.endpoints.jmx.exposure.include=* -javaagent:C:\Program Files\JetBrains\IntelliJ IDEA 2023.1.4\lib\idea_rt.jar=56251:C:\Program Files\JetBrains\IntelliJ IDEA 2023.1.4\bin -Dfile.encoding=UTF-8 com.clinitalPlatform.Application

Host: 11th Gen Intel(R) Core(TM) i7-1165G7 @ 2.80GHz, 8 cores, 7G,  Windows 11 , 64 bit Build 22621 (10.0.22621.3527)
Time: Tue Jun 11 17:34:15 2024 Maroc (heure d64 bit Build 22621 (10.0.22621.3527) elapsed time: 6.990949 seconds (0d 0h 0m 6s)

---------------  T H R E A D  ---------------

Current thread (0x000001ffc9bfbc50):  VMThread "VM Thread" [stack: 0x000000630f700000,0x000000630f800000] [id=65140]

Stack: [0x000000630f700000,0x000000630f800000]
Native frames: (J=compiled Java code, j=interpreted, Vv=VM code, C=native code)
V  [jvm.dll+0x67754a]
V  [jvm.dll+0x834304]
V  [jvm.dll+0x835aae]
V  [jvm.dll+0x836113]
V  [jvm.dll+0x24696f]
V  [jvm.dll+0x6743f9]
V  [jvm.dll+0x668c8a]
V  [jvm.dll+0x3061bb]
V  [jvm.dll+0x30d6a6]
V  [jvm.dll+0x35cece]
V  [jvm.dll+0x35d0ff]
V  [jvm.dll+0x2dd048]
V  [jvm.dll+0x2db20c]
V  [jvm.dll+0x2da7dc]
V  [jvm.dll+0x31e6db]
V  [jvm.dll+0x83a5bb]
V  [jvm.dll+0x83b2f4]
V  [jvm.dll+0x83b80c]
V  [jvm.dll+0x83bbe4]
V  [jvm.dll+0x83bcb0]
V  [jvm.dll+0x7e4e7a]
V  [jvm.dll+0x676395]
C  [ucrtbase.dll+0x29333]
C  [KERNEL32.DLL+0x1257d]
C  [ntdll.dll+0x5aa48]

VM_Operation (0x000000630f1fde30): G1CollectForAllocation, mode: safepoint, requested by thread 0x000001ffb7b2c930


---------------  P R O C E S S  ---------------

Threads class SMR info:
_java_thread_list=0x000001ffcfc5b2b0, length=19, elements={
0x000001ffb7b2c930, 0x000001ffc9c02700, 0x000001ffc9c032b0, 0x000001ffc9c15870,
0x000001ffc9c16420, 0x000001ffc9c1adf0, 0x000001ffc9c1b7a0, 0x000001ffc9c27710,
0x000001ffc9c28100, 0x000001ffc9bebd30, 0x000001ffce7e81c0, 0x000001ffce7e8690,
0x000001ffce859990, 0x000001ffce8d4450, 0x000001ffcefa0a00, 0x000001ffcf446500,
0x000001ffcf134350, 0x000001ffcf6ed690, 0x000001ffcf868020
}

Java Threads: ( => current thread )
  0x000001ffb7b2c930 JavaThread "main" [_thread_blocked, id=63296, stack(0x000000630f100000,0x000000630f200000)]
  0x000001ffc9c02700 JavaThread "Reference Handler" daemon [_thread_blocked, id=35788, stack(0x000000630f800000,0x000000630f900000)]
  0x000001ffc9c032b0 JavaThread "Finalizer" daemon [_thread_blocked, id=57108, stack(0x000000630f900000,0x000000630fa00000)]
  0x000001ffc9c15870 JavaThread "Signal Dispatcher" daemon [_thread_blocked, id=76476, stack(0x000000630fa00000,0x000000630fb00000)]
  0x000001ffc9c16420 JavaThread "Attach Listener" daemon [_thread_blocked, id=74400, stack(0x000000630fb00000,0x000000630fc00000)]
  0x000001ffc9c1adf0 JavaThread "Service Thread" daemon [_thread_blocked, id=63020, stack(0x000000630fc00000,0x000000630fd00000)]
  0x000001ffc9c1b7a0 JavaThread "Monitor Deflation Thread" daemon [_thread_blocked, id=73148, stack(0x000000630fd00000,0x000000630fe00000)]
  0x000001ffc9c27710 JavaThread "C1 CompilerThread0" daemon [_thread_blocked, id=75752, stack(0x000000630fe00000,0x000000630ff00000)]
  0x000001ffc9c28100 JavaThread "Sweeper thread" daemon [_thread_blocked, id=65036, stack(0x000000630ff00000,0x0000006310000000)]
  0x000001ffc9bebd30 JavaThread "Common-Cleaner" daemon [_thread_blocked, id=60764, stack(0x0000006310000000,0x0000006310100000)]
  0x000001ffce7e81c0 JavaThread "Monitor Ctrl-Break" daemon [_thread_in_native, id=77644, stack(0x0000006310100000,0x0000006310200000)]
  0x000001ffce7e8690 JavaThread "Notification Thread" daemon [_thread_blocked, id=71256, stack(0x0000006310200000,0x0000006310300000)]
  0x000001ffce859990 JavaThread "C1 CompilerThread1" daemon [_thread_blocked, id=33880, stack(0x0000006310300000,0x0000006310400000)]
  0x000001ffce8d4450 JavaThread "RMI TCP Accept-0" daemon [_thread_in_native, id=12200, stack(0x0000006310400000,0x0000006310500000)]
  0x000001ffcefa0a00 JavaThread "C1 CompilerThread2" daemon [_thread_blocked, id=34300, stack(0x0000006310b00000,0x0000006310c00000)]
  0x000001ffcf446500 JavaThread "C1 CompilerThread3" daemon [_thread_blocked, id=40540, stack(0x0000006310f00000,0x0000006311000000)]
  0x000001ffcf134350 JavaThread "RMI TCP Connection(2)-192.168.1.12" daemon [_thread_in_native, id=67412, stack(0x0000006310c00000,0x0000006310d00000)]
  0x000001ffcf6ed690 JavaThread "RMI Scheduler(0)" daemon [_thread_blocked, id=51260, stack(0x0000006311000000,0x0000006311100000)]
  0x000001ffcf868020 JavaThread "RMI TCP Connection(3)-192.168.1.12" daemon [_thread_in_native, id=67488, stack(0x0000006311100000,0x0000006311200000)]

Other Threads:
=>0x000001ffc9bfbc50 VMThread "VM Thread" [stack: 0x000000630f700000,0x000000630f800000] [id=65140]
  0x000001ffb7bb9d20 WatcherThread [stack: 0x0000006310500000,0x0000006310600000] [id=68564]
  0x000001ffb7b86f20 GCTaskThread "GC Thread#0" [stack: 0x000000630f200000,0x000000630f300000] [id=31596]
  0x000001ffcef96690 GCTaskThread "GC Thread#1" [stack: 0x0000006310600000,0x0000006310700000] [id=74200]
  0x000001ffcef8f060 GCTaskThread "GC Thread#2" [stack: 0x0000006310700000,0x0000006310800000] [id=23356]
  0x000001ffcefcd3e0 GCTaskThread "GC Thread#3" [stack: 0x0000006310800000,0x0000006310900000] [id=67512]
  0x000001ffcefcd690 GCTaskThread "GC Thread#4" [stack: 0x0000006310900000,0x0000006310a00000] [id=77612]
  0x000001ffcefcd940 GCTaskThread "GC Thread#5" [stack: 0x0000006310a00000,0x0000006310b00000] [id=51464]
  0x000001ffcf1544b0 GCTaskThread "GC Thread#6" [stack: 0x0000006310d00000,0x0000006310e00000] [id=77396]
  0x000001ffcf1b46b0 GCTaskThread "GC Thread#7" [stack: 0x0000006310e00000,0x0000006310f00000] [id=54276]
  0x000001ffb7b98830 ConcurrentGCThread "G1 Main Marker" [stack: 0x000000630f300000,0x000000630f400000] [id=75420]
  0x000001ffb7b99240 ConcurrentGCThread "G1 Conc#0" [stack: 0x000000630f400000,0x000000630f500000] [id=71960]
  0x000001ffcf7118a0 ConcurrentGCThread "G1 Conc#1" [stack: 0x0000006311300000,0x0000006311400000] [id=60504]
  0x000001ffc9ab6140 ConcurrentGCThread "G1 Refine#0" [stack: 0x000000630f500000,0x000000630f600000] [id=76412]
  0x000001ffc9ab6970 ConcurrentGCThread "G1 Service" [stack: 0x000000630f600000,0x000000630f700000] [id=71344]

Threads with active compile tasks:

VM state: at safepoint (normal execution)

VM Mutex/Monitor currently owned by a thread:  ([mutex/lock_event])
[0x000001ffb7b28c40] Threads_lock - owner thread: 0x000001ffc9bfbc50
[0x000001ffb7b27f50] Heap_lock - owner thread: 0x000001ffb7b2c930

Heap address: 0x0000000083200000, size: 1998 MB, Compressed Oops mode: 32-bit

CDS archive(s) mapped at: [0x0000000800000000-0x0000000800bc0000-0x0000000800bc0000), size 12320768, SharedBaseAddress: 0x0000000800000000, ArchiveRelocationMode: 0.
Compressed class space mapped at: 0x0000000801000000-0x0000000841000000, reserved size: 1073741824
Narrow klass base: 0x0000000800000000, Narrow klass shift: 0, Narrow klass range: 0x100000000

GC Precious Log:
 CPUs: 8 total, 8 available
 Memory: 7991M
 Large Page Support: Disabled
 NUMA Support: Disabled
 Compressed Oops: Enabled (32-bit)
 Heap Region Size: 1M
 Heap Min Capacity: 8M
 Heap Initial Capacity: 126M
 Heap Max Capacity: 1998M
 Pre-touch: Disabled
 Parallel Workers: 8
 Concurrent Workers: 2
 Concurrent Refinement Workers: 8
 Periodic GC: Disabled

Heap:
 garbage-first heap   total 112640K, used 23232K [0x0000000083200000, 0x0000000100000000)
  region size 1024K, 4 young (4096K), 4 survivors (4096K)
 Metaspace       used 31141K, committed 31552K, reserved 1114112K
  class space    used 4463K, committed 4608K, reserved 1048576K

Heap Regions: E=young(eden), S=young(survivor), O=old, HS=humongous(starts), HC=humongous(continues), CS=collection set, F=free, OA=open archive, CA=closed archive, TAMS=top-at-mark-start (previous, next)
|   0|0x0000000083200000, 0x0000000083300000, 0x0000000083300000|100%|HS|  |TAMS 0x0000000083300000, 0x0000000083200000| Complete 
|   1|0x0000000083300000, 0x0000000083400000, 0x0000000083400000|100%| O|  |TAMS 0x0000000083400000, 0x0000000083300000| Untracked 
|   2|0x0000000083400000, 0x0000000083500000, 0x0000000083500000|100%| O|  |TAMS 0x0000000083500000, 0x0000000083400000| Untracked 
|   3|0x0000000083500000, 0x0000000083600000, 0x0000000083600000|100%| O|  |TAMS 0x0000000083600000, 0x0000000083500000| Untracked 
|   4|0x0000000083600000, 0x0000000083700000, 0x0000000083700000|100%| O|  |TAMS 0x0000000083700000, 0x0000000083600000| Untracked 
|   5|0x0000000083700000, 0x0000000083800000, 0x0000000083800000|100%| O|  |TAMS 0x0000000083800000, 0x0000000083700000| Untracked 
|   6|0x0000000083800000, 0x0000000083900000, 0x0000000083900000|100%| O|  |TAMS 0x0000000083900000, 0x0000000083800000| Untracked 
|   7|0x0000000083900000, 0x0000000083a00000, 0x0000000083a00000|100%| O|  |TAMS 0x0000000083a00000, 0x0000000083900000| Untracked 
|   8|0x0000000083a00000, 0x0000000083b00000, 0x0000000083b00000|100%| O|  |TAMS 0x0000000083b00000, 0x0000000083a00000| Untracked 
|   9|0x0000000083b00000, 0x0000000083c00000, 0x0000000083c00000|100%| O|  |TAMS 0x0000000083bb0a00, 0x0000000083b00000| Untracked 
|  10|0x0000000083c00000, 0x0000000083d00000, 0x0000000083d00000|100%| O|  |TAMS 0x0000000083c00000, 0x0000000083c00000| Untracked 
|  11|0x0000000083d00000, 0x0000000083d00000, 0x0000000083e00000|  0%| F|  |TAMS 0x0000000083d00000, 0x0000000083d00000| Untracked 
|  12|0x0000000083e00000, 0x0000000083f00000, 0x0000000083f00000|100%| O|  |TAMS 0x0000000083e00000, 0x0000000083e00000| Untracked 
|  13|0x0000000083f00000, 0x0000000084000000, 0x0000000084000000|100%| O|  |TAMS 0x0000000083f00000, 0x0000000083f00000| Untracked 
|  14|0x0000000084000000, 0x0000000084100000, 0x0000000084100000|100%| O|  |TAMS 0x0000000084000000, 0x0000000084000000| Untracked 
|  15|0x0000000084100000, 0x0000000084200000, 0x0000000084200000|100%| O|  |TAMS 0x0000000084100000, 0x0000000084100000| Untracked 
|  16|0x0000000084200000, 0x0000000084300000, 0x0000000084300000|100%| O|  |TAMS 0x0000000084200000, 0x0000000084200000| Untracked 
|  17|0x0000000084300000, 0x0000000084400000, 0x0000000084400000|100%| O|  |TAMS 0x0000000084300000, 0x0000000084300000| Untracked 
|  18|0x0000000084400000, 0x0000000084500000, 0x0000000084500000|100%| O|  |TAMS 0x0000000084400000, 0x0000000084400000| Untracked 
|  19|0x0000000084500000, 0x00000000845b0000, 0x0000000084600000| 68%| O|  |TAMS 0x0000000084500000, 0x0000000084500000| Untracked 
|  20|0x0000000084600000, 0x0000000084600000, 0x0000000084700000|  0%| F|  |TAMS 0x0000000084600000, 0x0000000084600000| Untracked 
|  21|0x0000000084700000, 0x0000000084700000, 0x0000000084800000|  0%| F|  |TAMS 0x0000000084700000, 0x0000000084700000| Untracked 
|  22|0x0000000084800000, 0x0000000084800000, 0x0000000084900000|  0%| F|  |TAMS 0x0000000084800000, 0x0000000084800000| Untracked 
|  23|0x0000000084900000, 0x0000000084900000, 0x0000000084a00000|  0%| F|  |TAMS 0x0000000084900000, 0x0000000084900000| Untracked 
|  24|0x0000000084a00000, 0x0000000084a00000, 0x0000000084b00000|  0%| F|  |TAMS 0x0000000084a00000, 0x0000000084a00000| Untracked 
|  25|0x0000000084b00000, 0x0000000084b00000, 0x0000000084c00000|  0%| F|  |TAMS 0x0000000084b00000, 0x0000000084b00000| Untracked 
|  26|0x0000000084c00000, 0x0000000084c00000, 0x0000000084d00000|  0%| F|  |TAMS 0x0000000084c00000, 0x0000000084c00000| Untracked 
|  27|0x0000000084d00000, 0x0000000084d00000, 0x0000000084e00000|  0%| F|  |TAMS 0x0000000084d00000, 0x0000000084d00000| Untracked 
|  28|0x0000000084e00000, 0x0000000084e00000, 0x0000000084f00000|  0%| F|  |TAMS 0x0000000084e00000, 0x0000000084e00000| Untracked 
|  29|0x0000000084f00000, 0x0000000084f00000, 0x0000000085000000|  0%| F|  |TAMS 0x0000000084f00000, 0x0000000084f00000| Untracked 
|  30|0x0000000085000000, 0x0000000085000000, 0x0000000085100000|  0%| F|  |TAMS 0x0000000085000000, 0x0000000085000000| Untracked 
|  31|0x0000000085100000, 0x0000000085100000, 0x0000000085200000|  0%| F|  |TAMS 0x0000000085100000, 0x0000000085100000| Untracked 
|  32|0x0000000085200000, 0x0000000085200000, 0x0000000085300000|  0%| F|  |TAMS 0x0000000085200000, 0x0000000085200000| Untracked 
|  33|0x0000000085300000, 0x0000000085400000, 0x0000000085400000|100%| S|CS|TAMS 0x0000000085300000, 0x0000000085300000| Complete 
|  34|0x0000000085400000, 0x0000000085500000, 0x0000000085500000|100%| S|CS|TAMS 0x0000000085400000, 0x0000000085400000| Complete 
|  35|0x0000000085500000, 0x0000000085600000, 0x0000000085600000|100%| S|CS|TAMS 0x0000000085500000, 0x0000000085500000| Complete 
|  36|0x0000000085600000, 0x0000000085700000, 0x0000000085700000|100%| S|CS|TAMS 0x0000000085600000, 0x0000000085600000| Complete 
|  37|0x0000000085700000, 0x0000000085700000, 0x0000000085800000|  0%| F|  |TAMS 0x0000000085700000, 0x0000000085700000| Untracked 
|  38|0x0000000085800000, 0x0000000085800000, 0x0000000085900000|  0%| F|  |TAMS 0x0000000085800000, 0x0000000085800000| Untracked 
|  39|0x0000000085900000, 0x0000000085900000, 0x0000000085a00000|  0%| F|  |TAMS 0x0000000085900000, 0x0000000085900000| Untracked 
|  40|0x0000000085a00000, 0x0000000085a00000, 0x0000000085b00000|  0%| F|  |TAMS 0x0000000085a00000, 0x0000000085a00000| Untracked 
|  41|0x0000000085b00000, 0x0000000085b00000, 0x0000000085c00000|  0%| F|  |TAMS 0x0000000085b00000, 0x0000000085b00000| Untracked 
|  42|0x0000000085c00000, 0x0000000085c00000, 0x0000000085d00000|  0%| F|  |TAMS 0x0000000085c00000, 0x0000000085c00000| Untracked 
|  43|0x0000000085d00000, 0x0000000085d00000, 0x0000000085e00000|  0%| F|  |TAMS 0x0000000085d00000, 0x0000000085d00000| Untracked 
|  44|0x0000000085e00000, 0x0000000085e00000, 0x0000000085f00000|  0%| F|  |TAMS 0x0000000085e00000, 0x0000000085e00000| Untracked 
|  45|0x0000000085f00000, 0x0000000085f00000, 0x0000000086000000|  0%| F|  |TAMS 0x0000000085f00000, 0x0000000085f00000| Untracked 
|  46|0x0000000086000000, 0x0000000086000000, 0x0000000086100000|  0%| F|  |TAMS 0x0000000086000000, 0x0000000086000000| Untracked 
|  47|0x0000000086100000, 0x0000000086100000, 0x0000000086200000|  0%| F|  |TAMS 0x0000000086100000, 0x0000000086100000| Untracked 
|  48|0x0000000086200000, 0x0000000086200000, 0x0000000086300000|  0%| F|  |TAMS 0x0000000086200000, 0x0000000086200000| Untracked 
|  49|0x0000000086300000, 0x0000000086300000, 0x0000000086400000|  0%| F|  |TAMS 0x0000000086300000, 0x0000000086300000| Untracked 
|  50|0x0000000086400000, 0x0000000086400000, 0x0000000086500000|  0%| F|  |TAMS 0x0000000086400000, 0x0000000086400000| Untracked 
|  51|0x0000000086500000, 0x0000000086500000, 0x0000000086600000|  0%| F|  |TAMS 0x0000000086500000, 0x0000000086500000| Untracked 
|  52|0x0000000086600000, 0x0000000086600000, 0x0000000086700000|  0%| F|  |TAMS 0x0000000086600000, 0x0000000086600000| Untracked 
|  53|0x0000000086700000, 0x0000000086700000, 0x0000000086800000|  0%| F|  |TAMS 0x0000000086700000, 0x0000000086700000| Untracked 
|  54|0x0000000086800000, 0x0000000086800000, 0x0000000086900000|  0%| F|  |TAMS 0x0000000086800000, 0x0000000086800000| Untracked 
|  55|0x0000000086900000, 0x0000000086900000, 0x0000000086a00000|  0%| F|  |TAMS 0x0000000086900000, 0x0000000086900000| Untracked 
|  56|0x0000000086a00000, 0x0000000086a00000, 0x0000000086b00000|  0%| F|  |TAMS 0x0000000086a00000, 0x0000000086a00000| Untracked 
|  57|0x0000000086b00000, 0x0000000086b00000, 0x0000000086c00000|  0%| F|  |TAMS 0x0000000086b00000, 0x0000000086b00000| Untracked 
|  58|0x0000000086c00000, 0x0000000086c00000, 0x0000000086d00000|  0%| F|  |TAMS 0x0000000086c00000, 0x0000000086c00000| Untracked 
|  59|0x0000000086d00000, 0x0000000086d00000, 0x0000000086e00000|  0%| F|  |TAMS 0x0000000086d00000, 0x0000000086d00000| Untracked 
|  60|0x0000000086e00000, 0x0000000086e00000, 0x0000000086f00000|  0%| F|  |TAMS 0x0000000086e00000, 0x0000000086e00000| Untracked 
|  61|0x0000000086f00000, 0x0000000086f00000, 0x0000000087000000|  0%| F|  |TAMS 0x0000000086f00000, 0x0000000086f00000| Untracked 
|  62|0x0000000087000000, 0x0000000087000000, 0x0000000087100000|  0%| F|  |TAMS 0x0000000087000000, 0x0000000087000000| Untracked 
|  63|0x0000000087100000, 0x0000000087100000, 0x0000000087200000|  0%| F|  |TAMS 0x0000000087100000, 0x0000000087100000| Untracked 
|  64|0x0000000087200000, 0x0000000087200000, 0x0000000087300000|  0%| F|  |TAMS 0x0000000087200000, 0x0000000087200000| Untracked 
|  65|0x0000000087300000, 0x0000000087300000, 0x0000000087400000|  0%| F|  |TAMS 0x0000000087300000, 0x0000000087300000| Untracked 
|  66|0x0000000087400000, 0x0000000087400000, 0x0000000087500000|  0%| F|  |TAMS 0x0000000087400000, 0x0000000087400000| Untracked 
|  67|0x0000000087500000, 0x0000000087500000, 0x0000000087600000|  0%| F|  |TAMS 0x0000000087500000, 0x0000000087500000| Untracked 
|  68|0x0000000087600000, 0x0000000087600000, 0x0000000087700000|  0%| F|  |TAMS 0x0000000087600000, 0x0000000087600000| Untracked 
|  69|0x0000000087700000, 0x0000000087700000, 0x0000000087800000|  0%| F|  |TAMS 0x0000000087700000, 0x0000000087700000| Untracked 
|  70|0x0000000087800000, 0x0000000087800000, 0x0000000087900000|  0%| F|  |TAMS 0x0000000087800000, 0x0000000087800000| Untracked 
|  71|0x0000000087900000, 0x0000000087900000, 0x0000000087a00000|  0%| F|  |TAMS 0x0000000087900000, 0x0000000087900000| Untracked 
|  72|0x0000000087a00000, 0x0000000087a00000, 0x0000000087b00000|  0%| F|  |TAMS 0x0000000087a00000, 0x0000000087a00000| Untracked 
|  73|0x0000000087b00000, 0x0000000087b00000, 0x0000000087c00000|  0%| F|  |TAMS 0x0000000087b00000, 0x0000000087b00000| Untracked 
|  74|0x0000000087c00000, 0x0000000087c00000, 0x0000000087d00000|  0%| F|  |TAMS 0x0000000087c00000, 0x0000000087c00000| Untracked 
|  75|0x0000000087d00000, 0x0000000087d00000, 0x0000000087e00000|  0%| F|  |TAMS 0x0000000087d00000, 0x0000000087d00000| Untracked 
|  76|0x0000000087e00000, 0x0000000087e00000, 0x0000000087f00000|  0%| F|  |TAMS 0x0000000087e00000, 0x0000000087e00000| Untracked 
|  77|0x0000000087f00000, 0x0000000087f00000, 0x0000000088000000|  0%| F|  |TAMS 0x0000000087f00000, 0x0000000087f00000| Untracked 
|  78|0x0000000088000000, 0x0000000088000000, 0x0000000088100000|  0%| F|  |TAMS 0x0000000088000000, 0x0000000088000000| Untracked 
|  79|0x0000000088100000, 0x0000000088100000, 0x0000000088200000|  0%| F|  |TAMS 0x0000000088100000, 0x0000000088100000| Untracked 
|  80|0x0000000088200000, 0x0000000088200000, 0x0000000088300000|  0%| F|  |TAMS 0x0000000088200000, 0x0000000088200000| Untracked 
|  81|0x0000000088300000, 0x0000000088300000, 0x0000000088400000|  0%| F|  |TAMS 0x0000000088300000, 0x0000000088300000| Untracked 
|  82|0x0000000088400000, 0x0000000088400000, 0x0000000088500000|  0%| F|  |TAMS 0x0000000088400000, 0x0000000088400000| Untracked 
|  83|0x0000000088500000, 0x0000000088500000, 0x0000000088600000|  0%| F|  |TAMS 0x0000000088500000, 0x0000000088500000| Untracked 
|  84|0x0000000088600000, 0x0000000088600000, 0x0000000088700000|  0%| F|  |TAMS 0x0000000088600000, 0x0000000088600000| Untracked 
|  85|0x0000000088700000, 0x0000000088700000, 0x0000000088800000|  0%| F|  |TAMS 0x0000000088700000, 0x0000000088700000| Untracked 
|  86|0x0000000088800000, 0x0000000088800000, 0x0000000088900000|  0%| F|  |TAMS 0x0000000088800000, 0x0000000088800000| Untracked 
|  87|0x0000000088900000, 0x0000000088900000, 0x0000000088a00000|  0%| F|  |TAMS 0x0000000088900000, 0x0000000088900000| Untracked 
|  88|0x0000000088a00000, 0x0000000088a00000, 0x0000000088b00000|  0%| F|  |TAMS 0x0000000088a00000, 0x0000000088a00000| Untracked 
|  89|0x0000000088b00000, 0x0000000088b00000, 0x0000000088c00000|  0%| F|  |TAMS 0x0000000088b00000, 0x0000000088b00000| Untracked 
|  90|0x0000000088c00000, 0x0000000088c00000, 0x0000000088d00000|  0%| F|  |TAMS 0x0000000088c00000, 0x0000000088c00000| Untracked 
|  91|0x0000000088d00000, 0x0000000088d00000, 0x0000000088e00000|  0%| F|  |TAMS 0x0000000088d00000, 0x0000000088d00000| Untracked 
|  92|0x0000000088e00000, 0x0000000088e00000, 0x0000000088f00000|  0%| F|  |TAMS 0x0000000088e00000, 0x0000000088e00000| Untracked 
|  93|0x0000000088f00000, 0x0000000088f00000, 0x0000000089000000|  0%| F|  |TAMS 0x0000000088f00000, 0x0000000088f00000| Untracked 
|  94|0x0000000089000000, 0x0000000089000000, 0x0000000089100000|  0%| F|  |TAMS 0x0000000089000000, 0x0000000089000000| Untracked 
|  95|0x0000000089100000, 0x0000000089100000, 0x0000000089200000|  0%| F|  |TAMS 0x0000000089100000, 0x0000000089100000| Untracked 
|  96|0x0000000089200000, 0x0000000089200000, 0x0000000089300000|  0%| F|  |TAMS 0x0000000089200000, 0x0000000089200000| Untracked 
|  97|0x0000000089300000, 0x0000000089300000, 0x0000000089400000|  0%| F|  |TAMS 0x0000000089300000, 0x0000000089300000| Untracked 
|  98|0x0000000089400000, 0x0000000089400000, 0x0000000089500000|  0%| F|  |TAMS 0x0000000089400000, 0x0000000089400000| Untracked 
|  99|0x0000000089500000, 0x0000000089500000, 0x0000000089600000|  0%| F|  |TAMS 0x0000000089500000, 0x0000000089500000| Untracked 
| 100|0x0000000089600000, 0x0000000089600000, 0x0000000089700000|  0%| F|  |TAMS 0x0000000089600000, 0x0000000089600000| Untracked 
| 101|0x0000000089700000, 0x0000000089700000, 0x0000000089800000|  0%| F|  |TAMS 0x0000000089700000, 0x0000000089700000| Untracked 
| 102|0x0000000089800000, 0x0000000089800000, 0x0000000089900000|  0%| F|  |TAMS 0x0000000089800000, 0x0000000089800000| Untracked 
| 103|0x0000000089900000, 0x0000000089900000, 0x0000000089a00000|  0%| F|  |TAMS 0x0000000089900000, 0x0000000089900000| Untracked 
| 104|0x0000000089a00000, 0x0000000089a00000, 0x0000000089b00000|  0%| F|  |TAMS 0x0000000089a00000, 0x0000000089a00000| Untracked 
| 105|0x0000000089b00000, 0x0000000089b00000, 0x0000000089c00000|  0%| F|  |TAMS 0x0000000089b00000, 0x0000000089b00000| Untracked 
| 106|0x0000000089c00000, 0x0000000089c00000, 0x0000000089d00000|  0%| F|  |TAMS 0x0000000089c00000, 0x0000000089c00000| Untracked 
| 107|0x0000000089d00000, 0x0000000089d00000, 0x0000000089e00000|  0%| F|  |TAMS 0x0000000089d00000, 0x0000000089d00000| Untracked 
| 124|0x000000008ae00000, 0x000000008ae00000, 0x000000008af00000|  0%| F|  |TAMS 0x000000008ae00000, 0x000000008ae00000| Untracked 
| 125|0x000000008af00000, 0x000000008af00000, 0x000000008b000000|  0%| F|  |TAMS 0x000000008af00000, 0x000000008af00000| Untracked 

Card table byte_map: [0x000001ffc2af0000,0x000001ffc2ee0000] _byte_map_base: 0x000001ffc26d7000

Marking Bits (Prev, Next): (CMBitMap*) 0x000001ffb7b88580, (CMBitMap*) 0x000001ffb7b88540
 Prev Bits: [0x000001ffc5210000, 0x000001ffc7148000)
 Next Bits: [0x000001ffc32d0000, 0x000001ffc5208000)

Polling page: 0x000001ffb5af0000

Metaspace:

Usage:
  Non-class:     26.05 MB used.
      Class:      4.36 MB used.
       Both:     30.41 MB used.

Virtual space:
  Non-class space:       64.00 MB reserved,      26.31 MB ( 41%) committed,  1 nodes.
      Class space:        1.00 GB reserved,       4.50 MB ( <1%) committed,  1 nodes.
             Both:        1.06 GB reserved,      30.81 MB (  3%) committed. 

Chunk freelists:
   Non-Class:  4.98 MB
       Class:  11.44 MB
        Both:  16.42 MB

MaxMetaspaceSize: unlimited
CompressedClassSpaceSize: 1.00 GB
Initial GC threshold: 21.00 MB
Current GC threshold: 35.44 MB
CDS: on
MetaspaceReclaimPolicy: balanced
 - commit_granule_bytes: 65536.
 - commit_granule_words: 8192.
 - virtual_space_node_default_size: 8388608.
 - enlarge_chunks_in_place: 1.
 - new_chunks_are_fully_committed: 0.
 - uncommit_free_chunks: 1.
 - use_allocation_guard: 0.
 - handle_deallocations: 1.


Internal statistics:

num_allocs_failed_limit: 3.
num_arena_births: 520.
num_arena_deaths: 0.
num_vsnodes_births: 2.
num_vsnodes_deaths: 0.
num_space_committed: 493.
num_space_uncommitted: 0.
num_chunks_returned_to_freelist: 3.
num_chunks_taken_from_freelist: 1630.
num_chunk_merges: 3.
num_chunk_splits: 1132.
num_chunks_enlarged: 809.
num_inconsistent_stats: 0.

CodeCache: size=49152Kb used=9462Kb max_used=9462Kb free=39689Kb
 bounds [0x000001ffbf5f0000, 0x000001ffbff30000, 0x000001ffc25f0000]
 total_blobs=4694 nmethods=4171 adapters=447
 compilation: enabled
              stopped_count=0, restarted_count=0
 full_count=0

Compilation events (20 events):
Event: 6.952 Thread 0x000001ffcefa0a00 nmethod 4161 0x000001ffbff28e10 code [0x000001ffbff28fa0, 0x000001ffbff29088]
Event: 6.952 Thread 0x000001ffc9c27710 nmethod 4160 0x000001ffbff29190 code [0x000001ffbff29380, 0x000001ffbff29908]
Event: 6.952 Thread 0x000001ffce859990 nmethod 4162 0x000001ffbff29b90 code [0x000001ffbff29da0, 0x000001ffbff2a1b8]
Event: 6.952 Thread 0x000001ffcf446500 nmethod 4163 0x000001ffbff2a410 code [0x000001ffbff2a640, 0x000001ffbff2aad8]
Event: 6.953 Thread 0x000001ffcf446500 4164   !   1       org.springframework.core.annotation.AnnotationsScanner::processElement (40 bytes)
Event: 6.954 Thread 0x000001ffcf446500 nmethod 4164 0x000001ffbff2ae10 code [0x000001ffbff2afe0, 0x000001ffbff2b1b8]
Event: 6.961 Thread 0x000001ffcefa0a00 4165       1       org.springframework.core.BridgeMethodResolver$$Lambda$664/0x0000000801472128::matches (9 bytes)
Event: 6.961 Thread 0x000001ffce859990 4166       1       org.springframework.core.BridgeMethodResolver::lambda$findBridgedMethod$0 (6 bytes)
Event: 6.961 Thread 0x000001ffcf446500 4167       1       org.springframework.core.BridgeMethodResolver::isBridgedCandidateFor (38 bytes)
Event: 6.961 Thread 0x000001ffce859990 nmethod 4166 0x000001ffbff2b310 code [0x000001ffbff2b4a0, 0x000001ffbff2b568]
Event: 6.961 Thread 0x000001ffcefa0a00 nmethod 4165 0x000001ffbff2b610 code [0x000001ffbff2b7a0, 0x000001ffbff2b888]
Event: 6.961 Thread 0x000001ffcf446500 nmethod 4167 0x000001ffbff2b910 code [0x000001ffbff2baa0, 0x000001ffbff2bbe8]
Event: 6.961 Thread 0x000001ffcf446500 4168   !   1       org.springframework.util.ReflectionUtils::doWithLocalFields (63 bytes)
Event: 6.962 Thread 0x000001ffcf446500 nmethod 4168 0x000001ffbff2bd90 code [0x000001ffbff2bf60, 0x000001ffbff2c198]
Event: 6.962 Thread 0x000001ffcf446500 4169       1       org.springframework.aop.support.AopUtils::canApply (49 bytes)
Event: 6.962 Thread 0x000001ffcf446500 nmethod 4169 0x000001ffbff2c390 code [0x000001ffbff2c580, 0x000001ffbff2c898]
Event: 6.968 Thread 0x000001ffcf446500 4170   !   1       org.springframework.beans.factory.annotation.InitDestroyAnnotationBeanPostProcessor::findLifecycleMetadata (87 bytes)
Event: 6.969 Thread 0x000001ffcf446500 nmethod 4170 0x000001ffbff2c990 code [0x000001ffbff2cb80, 0x000001ffbff2cf08]
Event: 6.975 Thread 0x000001ffc9c27710 4171   !   1       org.springframework.util.ClassUtils::isVisible (26 bytes)
Event: 6.976 Thread 0x000001ffc9c27710 nmethod 4171 0x000001ffbff2d110 code [0x000001ffbff2d300, 0x000001ffbff2d698]

GC Heap History (15 events):
Event: 2.671 GC heap before
{Heap before GC invocations=0 (full 0):
 garbage-first heap   total 129024K, used 23552K [0x0000000083200000, 0x0000000100000000)
  region size 1024K, 23 young (23552K), 0 survivors (0K)
 Metaspace       used 6434K, committed 6592K, reserved 1114112K
  class space    used 808K, committed 896K, reserved 1048576K
}
Event: 2.690 GC heap after
{Heap after GC invocations=1 (full 0):
 garbage-first heap   total 129024K, used 9771K [0x0000000083200000, 0x0000000100000000)
  region size 1024K, 3 young (3072K), 3 survivors (3072K)
 Metaspace       used 6434K, committed 6592K, reserved 1114112K
  class space    used 808K, committed 896K, reserved 1048576K
}
Event: 3.639 GC heap before
{Heap before GC invocations=1 (full 0):
 garbage-first heap   total 129024K, used 32299K [0x0000000083200000, 0x0000000100000000)
  region size 1024K, 25 young (25600K), 3 survivors (3072K)
 Metaspace       used 11509K, committed 11776K, reserved 1114112K
  class space    used 1582K, committed 1728K, reserved 1048576K
}
Event: 3.644 GC heap after
{Heap after GC invocations=2 (full 0):
 garbage-first heap   total 129024K, used 11644K [0x0000000083200000, 0x0000000100000000)
  region size 1024K, 2 young (2048K), 2 survivors (2048K)
 Metaspace       used 11509K, committed 11776K, reserved 1114112K
  class space    used 1582K, committed 1728K, reserved 1048576K
}
Event: 4.426 GC heap before
{Heap before GC invocations=2 (full 0):
 garbage-first heap   total 129024K, used 59772K [0x0000000083200000, 0x0000000100000000)
  region size 1024K, 50 young (51200K), 2 survivors (2048K)
 Metaspace       used 19095K, committed 19328K, reserved 1114112K
  class space    used 2618K, committed 2752K, reserved 1048576K
}
Event: 4.435 GC heap after
{Heap after GC invocations=3 (full 0):
 garbage-first heap   total 129024K, used 15348K [0x0000000083200000, 0x0000000100000000)
  region size 1024K, 6 young (6144K), 6 survivors (6144K)
 Metaspace       used 19095K, committed 19328K, reserved 1114112K
  class space    used 2618K, committed 2752K, reserved 1048576K
}
Event: 4.737 GC heap before
{Heap before GC invocations=3 (full 0):
 garbage-first heap   total 129024K, used 32756K [0x0000000083200000, 0x0000000100000000)
  region size 1024K, 24 young (24576K), 6 survivors (6144K)
 Metaspace       used 21300K, committed 21504K, reserved 1114112K
  class space    used 2923K, committed 3008K, reserved 1048576K
}
Event: 4.746 GC heap after
{Heap after GC invocations=4 (full 0):
 garbage-first heap   total 129024K, used 17455K [0x0000000083200000, 0x0000000100000000)
  region size 1024K, 6 young (6144K), 6 survivors (6144K)
 Metaspace       used 21300K, committed 21504K, reserved 1114112K
  class space    used 2923K, committed 3008K, reserved 1048576K
}
Event: 5.770 GC heap before
{Heap before GC invocations=5 (full 0):
 garbage-first heap   total 68608K, used 51247K [0x0000000083200000, 0x0000000100000000)
  region size 1024K, 40 young (40960K), 6 survivors (6144K)
 Metaspace       used 25077K, committed 25408K, reserved 1114112K
  class space    used 3434K, committed 3584K, reserved 1048576K
}
Event: 5.786 GC heap after
{Heap after GC invocations=6 (full 0):
 garbage-first heap   total 68608K, used 19370K [0x0000000083200000, 0x0000000100000000)
  region size 1024K, 4 young (4096K), 4 survivors (4096K)
 Metaspace       used 25077K, committed 25408K, reserved 1114112K
  class space    used 3434K, committed 3584K, reserved 1048576K
}
Event: 5.796 GC heap before
{Heap before GC invocations=6 (full 0):
 garbage-first heap   total 68608K, used 20394K [0x0000000083200000, 0x0000000100000000)
  region size 1024K, 5 young (5120K), 4 survivors (4096K)
 Metaspace       used 25077K, committed 25408K, reserved 1114112K
  class space    used 3434K, committed 3584K, reserved 1048576K
}
Event: 5.806 GC heap after
{Heap after GC invocations=7 (full 0):
 garbage-first heap   total 68608K, used 19844K [0x0000000083200000, 0x0000000100000000)
  region size 1024K, 1 young (1024K), 1 survivors (1024K)
 Metaspace       used 25077K, committed 25408K, reserved 1114112K
  class space    used 3434K, committed 3584K, reserved 1048576K
}
Event: 6.428 GC heap before
{Heap before GC invocations=7 (full 0):
 garbage-first heap   total 68608K, used 47492K [0x0000000083200000, 0x0000000100000000)
  region size 1024K, 28 young (28672K), 1 survivors (1024K)
 Metaspace       used 27637K, committed 28032K, reserved 1114112K
  class space    used 3884K, committed 4096K, reserved 1048576K
}
Event: 6.438 GC heap after
{Heap after GC invocations=8 (full 0):
 garbage-first heap   total 68608K, used 20817K [0x0000000083200000, 0x0000000100000000)
  region size 1024K, 2 young (2048K), 2 survivors (2048K)
 Metaspace       used 27637K, committed 28032K, reserved 1114112K
  class space    used 3884K, committed 4096K, reserved 1048576K
}
Event: 6.977 GC heap before
{Heap before GC invocations=8 (full 0):
 garbage-first heap   total 68608K, used 49489K [0x0000000083200000, 0x0000000100000000)
  region size 1024K, 30 young (30720K), 2 survivors (2048K)
 Metaspace       used 31141K, committed 31552K, reserved 1114112K
  class space    used 4463K, committed 4608K, reserved 1048576K
}

Dll operation events (12 events):
Event: 0.015 Loaded shared library C:\Users\Lenovo\.jdks\temurin-17.0.7\bin\java.dll
Event: 0.029 Loaded shared library C:\Users\Lenovo\.jdks\temurin-17.0.7\bin\jsvml.dll
Event: 0.481 Loaded shared library C:\Users\Lenovo\.jdks\temurin-17.0.7\bin\zip.dll
Event: 0.489 Loaded shared library C:\Users\Lenovo\.jdks\temurin-17.0.7\bin\instrument.dll
Event: 0.513 Loaded shared library C:\Users\Lenovo\.jdks\temurin-17.0.7\bin\net.dll
Event: 0.517 Loaded shared library C:\Users\Lenovo\.jdks\temurin-17.0.7\bin\nio.dll
Event: 0.523 Loaded shared library C:\Users\Lenovo\.jdks\temurin-17.0.7\bin\zip.dll
Event: 1.048 Loaded shared library C:\Program Files\JetBrains\IntelliJ IDEA 2023.1.4\bin\breakgen64.dll
Event: 1.082 Loaded shared library C:\Users\Lenovo\.jdks\temurin-17.0.7\bin\jimage.dll
Event: 1.142 Loaded shared library C:\Users\Lenovo\.jdks\temurin-17.0.7\bin\management.dll
Event: 1.197 Loaded shared library C:\Users\Lenovo\.jdks\temurin-17.0.7\bin\management_ext.dll
Event: 3.701 Loaded shared library C:\Users\Lenovo\.jdks\temurin-17.0.7\bin\verify.dll

Deoptimization events (2 events):
Event: 3.776 Thread 0x000001ffb7b2c930 DEOPT PACKING pc=0x000001ffbfafa499 sp=0x000000630f1fd880
Event: 3.776 Thread 0x000001ffb7b2c930 DEOPT UNPACKING pc=0x000001ffbf64ace3 sp=0x000000630f1fcd60 mode 3

Classes unloaded (0 events):
No events

Classes redefined (0 events):
No events

Internal exceptions (20 events):
Event: 6.464 Thread 0x000001ffb7b2c930 Exception <a 'java/lang/NoSuchMethodError'{0x000000008aff6780}: 'int java.lang.invoke.DirectMethodHandle$Holder.invokeStatic(java.lang.Object, long)'> (0x000000008aff6780) 
thrown [s\src\hotspot\share\interpreter\linkResolver.cpp, line 759]
Event: 6.467 Thread 0x000001ffb7b2c930 Exception <a 'java/lang/NoSuchMethodError'{0x000000008ae208d0}: 'int java.lang.invoke.DirectMethodHandle$Holder.invokeSpecial(java.lang.Object, java.lang.Object, int)'> (0x000000008ae208d0) 
thrown [s\src\hotspot\share\interpreter\linkResolver.cpp, line 759]
Event: 6.467 Thread 0x000001ffb7b2c930 Exception <a 'java/lang/NoSuchMethodError'{0x000000008ae281c8}: 'int java.lang.invoke.Invokers$Holder.linkToTargetMethod(java.lang.Object, java.lang.Object)'> (0x000000008ae281c8) 
thrown [s\src\hotspot\share\interpreter\linkResolver.cpp, line 759]
Event: 6.483 Thread 0x000001ffb7b2c930 Exception <a 'java/lang/NoSuchMethodError'{0x000000008aebc9f8}: 'java.lang.Object java.lang.invoke.DirectMethodHandle$Holder.invokeSpecial(java.lang.Object, java.lang.Object, java.lang.Object, java.lang.Object, java.lang.Object, java.lang.Object, java.lang.Object, java.lang.Object, java.lang.Object, java.lang.Object)'> (0x000000008aebc9f8) 
thrown [s\src\hotspot\share\interpreter\linkResolver.cpp, line 759]
Event: 6.483 Thread 0x000001ffb7b2c930 Exception <a 'java/lang/NoSuchMethodError'{0x000000008aec0fe0}: 'java.lang.Object java.lang.invoke.Invokers$Holder.invoke_MT(java.lang.Object, java.lang.Object, java.lang.Object, java.lang.Object, java.lang.Object, java.lang.Object, java.lang.Object, java.lang.Object, java.lang.Object, java.lang.Object)'> (0x000000008aec0fe0) 
thrown [s\src\hotspot\share\interpreter\linkResolver.cpp, line 759]
Event: 6.488 Thread 0x000001ffb7b2c930 Exception <a 'java/lang/NoSuchMethodError'{0x0000000089d01070}: 'java.lang.Object java.lang.invoke.DirectMethodHandle$Holder.invokeSpecial(java.lang.Object, java.lang.Object, int, java.lang.Object, java.lang.Object)'> (0x0000000089d01070) 
thrown [s\src\hotspot\share\interpreter\linkResolver.cpp, line 759]
Event: 6.488 Thread 0x000001ffb7b2c930 Exception <a 'java/lang/NoSuchMethodError'{0x0000000089d04d18}: 'java.lang.Object java.lang.invoke.DelegatingMethodHandle$Holder.delegate(java.lang.Object, int, java.lang.Object, java.lang.Object)'> (0x0000000089d04d18) 
thrown [s\src\hotspot\share\interpreter\linkResolver.cpp, line 759]
Event: 6.490 Thread 0x000001ffb7b2c930 Exception <a 'java/lang/NoSuchMethodError'{0x0000000089d15ba0}: 'int java.lang.invoke.Invokers$Holder.linkToTargetMethod(java.lang.Object, java.lang.Object, java.lang.Object)'> (0x0000000089d15ba0) 
thrown [s\src\hotspot\share\interpreter\linkResolver.cpp, line 759]
Event: 6.549 Thread 0x000001ffb7b2c930 Exception <a 'java/lang/NoClassDefFoundError'{0x0000000089b86128}: org/flywaydb/core/Flyway> (0x0000000089b86128) 
thrown [s\src\hotspot\share\classfile\systemDictionary.cpp, line 245]
Event: 6.549 Thread 0x000001ffb7b2c930 Exception <a 'java/lang/NoClassDefFoundError'{0x0000000089b890d8}: liquibase/integration/spring/SpringLiquibase> (0x0000000089b890d8) 
thrown [s\src\hotspot\share\classfile\systemDictionary.cpp, line 245]
Event: 6.580 Thread 0x000001ffb7b2c930 Exception <a 'java/lang/NoClassDefFoundError'{0x000000008988fbb8}: org/jooq/DSLContext> (0x000000008988fbb8) 
thrown [s\src\hotspot\share\classfile\systemDictionary.cpp, line 245]
Event: 6.580 Thread 0x000001ffb7b2c930 Exception <a 'java/lang/NoClassDefFoundError'{0x0000000089893d68}: org/springframework/batch/core/repository/JobRepository> (0x0000000089893d68) 
thrown [s\src\hotspot\share\classfile\systemDictionary.cpp, line 245]
Event: 6.580 Thread 0x000001ffb7b2c930 Exception <a 'java/lang/NoClassDefFoundError'{0x00000000898968e0}: org/quartz/Scheduler> (0x00000000898968e0) 
thrown [s\src\hotspot\share\classfile\systemDictionary.cpp, line 245]
Event: 6.580 Thread 0x000001ffb7b2c930 Exception <a 'java/lang/NoClassDefFoundError'{0x0000000089899ab0}: org/springframework/session/jdbc/JdbcIndexedSessionRepository> (0x0000000089899ab0) 
thrown [s\src\hotspot\share\classfile\systemDictionary.cpp, line 245]
Event: 6.615 Thread 0x000001ffb7b2c930 Exception <a 'java/lang/IncompatibleClassChangeError'{0x0000000086b225c8}: Found class java.lang.Object, but interface was expected> (0x0000000086b225c8) 
thrown [s\src\hotspot\share\interpreter\linkResolver.cpp, line 826]
Event: 6.616 Thread 0x000001ffb7b2c930 Exception <a 'java/lang/IncompatibleClassChangeError'{0x0000000086b2af78}: Found class java.lang.Object, but interface was expected> (0x0000000086b2af78) 
thrown [s\src\hotspot\share\interpreter\linkResolver.cpp, line 826]
Event: 6.805 Thread 0x000001ffcf868020 Exception <a 'java/lang/reflect/InvocationTargetException'{0x00000000862a12d8}> (0x00000000862a12d8) 
thrown [s\src\hotspot\share\runtime\reflection.cpp, line 1121]
Event: 6.895 Thread 0x000001ffb7b2c930 Exception <a 'java/lang/NoSuchMethodError'{0x0000000085e5e190}: 'void java.lang.invoke.DirectMethodHandle$Holder.invokeInterface(java.lang.Object, java.lang.Object, int)'> (0x0000000085e5e190) 
thrown [s\src\hotspot\share\interpreter\linkResolver.cpp, line 759]
Event: 6.898 Thread 0x000001ffb7b2c930 Exception <a 'java/lang/IncompatibleClassChangeError'{0x0000000085eade88}: Found class java.lang.Object, but interface was expected> (0x0000000085eade88) 
thrown [s\src\hotspot\share\interpreter\linkResolver.cpp, line 826]
Event: 6.898 Thread 0x000001ffb7b2c930 Exception <a 'java/lang/NoSuchMethodError'{0x0000000085eb2f70}: 'void java.lang.invoke.DirectMethodHandle$Holder.invokeStatic(java.lang.Object, int, java.lang.Object)'> (0x0000000085eb2f70) 
thrown [s\src\hotspot\share\interpreter\linkResolver.cpp, line 759]

VM Operations (20 events):
Event: 5.806 Executing VM operation: G1CollectForAllocation done
Event: 6.202 Executing VM operation: HandshakeAllThreads
Event: 6.202 Executing VM operation: HandshakeAllThreads done
Event: 6.428 Executing VM operation: G1CollectForAllocation
Event: 6.438 Executing VM operation: G1CollectForAllocation done
Event: 6.471 Executing VM operation: HandshakeAllThreads
Event: 6.471 Executing VM operation: HandshakeAllThreads done
Event: 6.476 Executing VM operation: HandshakeAllThreads
Event: 6.476 Executing VM operation: HandshakeAllThreads done
Event: 6.496 Executing VM operation: HandshakeAllThreads
Event: 6.496 Executing VM operation: HandshakeAllThreads done
Event: 6.642 Executing VM operation: HandshakeAllThreads
Event: 6.643 Executing VM operation: HandshakeAllThreads done
Event: 6.684 Executing VM operation: HandshakeAllThreads
Event: 6.684 Executing VM operation: HandshakeAllThreads done
Event: 6.753 Executing VM operation: HandshakeAllThreads
Event: 6.753 Executing VM operation: HandshakeAllThreads done
Event: 6.960 Executing VM operation: HandshakeAllThreads
Event: 6.960 Executing VM operation: HandshakeAllThreads done
Event: 6.976 Executing VM operation: G1CollectForAllocation

Events (20 events):
Event: 6.804 loading class java/util/ResourceBundle$ResourceBundleControlProviderHolder done
Event: 6.804 loading class java/util/spi/ResourceBundleControlProvider
Event: 6.805 loading class java/util/spi/ResourceBundleControlProvider done
Event: 6.805 loading class java/util/ResourceBundle$CacheKey
Event: 6.805 loading class java/util/ResourceBundle$CacheKey done
Event: 6.806 loading class java/util/ResourceBundle$KeyElementReference
Event: 6.806 loading class java/util/ResourceBundle$CacheKeyReference
Event: 6.806 loading class java/util/ResourceBundle$CacheKeyReference done
Event: 6.806 loading class java/util/ResourceBundle$KeyElementReference done
Event: 6.806 loading class java/util/ResourceBundle$Control$2
Event: 6.806 loading class java/util/ResourceBundle$Control$2 done
Event: 6.806 Thread 0x000001ffcfbce430 Thread exited: 0x000001ffcfbce430
Event: 6.807 loading class java/util/PropertyResourceBundle
Event: 6.807 loading class java/util/PropertyResourceBundle done
Event: 6.807 loading class sun/util/PropertyResourceBundleCharset
Event: 6.807 loading class sun/util/PropertyResourceBundleCharset done
Event: 6.807 loading class sun/util/PropertyResourceBundleCharset$PropertiesFileDecoder
Event: 6.808 loading class sun/util/PropertyResourceBundleCharset$PropertiesFileDecoder done
Event: 6.810 loading class java/util/ResourceBundle$BundleReference
Event: 6.810 loading class java/util/ResourceBundle$BundleReference done


Dynamic libraries:
0x00007ff652330000 - 0x00007ff65233e000 	C:\Users\Lenovo\.jdks\temurin-17.0.7\bin\java.exe
0x00007ff952390000 - 0x00007ff9525a7000 	C:\WINDOWS\SYSTEM32\ntdll.dll
0x00007ff950d00000 - 0x00007ff950dc4000 	C:\WINDOWS\System32\KERNEL32.DLL
0x00007ff94f6e0000 - 0x00007ff94fa87000 	C:\WINDOWS\System32\KERNELBASE.dll
0x00007ff94fca0000 - 0x00007ff94fdb1000 	C:\WINDOWS\System32\ucrtbase.dll
0x00007ff940580000 - 0x00007ff940599000 	C:\Users\Lenovo\.jdks\temurin-17.0.7\bin\VCRUNTIME140.dll
0x00007ff949860000 - 0x00007ff949877000 	C:\Users\Lenovo\.jdks\temurin-17.0.7\bin\jli.dll
0x00007ff9510a0000 - 0x00007ff95124e000 	C:\WINDOWS\System32\USER32.dll
0x00007ff94f6b0000 - 0x00007ff94f6d6000 	C:\WINDOWS\System32\win32u.dll
0x00007ff952320000 - 0x00007ff952349000 	C:\WINDOWS\System32\GDI32.dll
0x00007ff94fb50000 - 0x00007ff94fc69000 	C:\WINDOWS\System32\gdi32full.dll
0x00007ff928980000 - 0x00007ff928c13000 	C:\WINDOWS\WinSxS\amd64_microsoft.windows.common-controls_6595b64144ccf1df_6.0.22621.3527_none_270e469b73872a76\COMCTL32.dll
0x00007ff94fdc0000 - 0x00007ff94fe5a000 	C:\WINDOWS\System32\msvcp_win.dll
0x00007ff9501a0000 - 0x00007ff950247000 	C:\WINDOWS\System32\msvcrt.dll
0x00007ff951380000 - 0x00007ff9513b1000 	C:\WINDOWS\System32\IMM32.DLL
0x00007ff941520000 - 0x00007ff94152c000 	C:\Users\Lenovo\.jdks\temurin-17.0.7\bin\vcruntime140_1.dll
0x00007ff8f4760000 - 0x00007ff8f47f1000 	C:\Users\Lenovo\.jdks\temurin-17.0.7\bin\msvcp140.dll
0x00007ff8922b0000 - 0x00007ff892ef8000 	C:\Users\Lenovo\.jdks\temurin-17.0.7\bin\server\jvm.dll
0x00007ff9502a0000 - 0x00007ff950352000 	C:\WINDOWS\System32\ADVAPI32.dll
0x00007ff9512d0000 - 0x00007ff951378000 	C:\WINDOWS\System32\sechost.dll
0x00007ff94fc70000 - 0x00007ff94fc98000 	C:\WINDOWS\System32\bcrypt.dll
0x00007ff950be0000 - 0x00007ff950cf5000 	C:\WINDOWS\System32\RPCRT4.dll
0x00007ff929020000 - 0x00007ff929029000 	C:\WINDOWS\SYSTEM32\WSOCK32.dll
0x00007ff94a100000 - 0x00007ff94a134000 	C:\WINDOWS\SYSTEM32\WINMM.dll
0x00007ff940940000 - 0x00007ff94094a000 	C:\WINDOWS\SYSTEM32\VERSION.dll
0x00007ff951250000 - 0x00007ff9512c1000 	C:\WINDOWS\System32\WS2_32.dll
0x00007ff94e740000 - 0x00007ff94e758000 	C:\WINDOWS\SYSTEM32\kernel.appcore.dll
0x00007ff9414a0000 - 0x00007ff9414aa000 	C:\Users\Lenovo\.jdks\temurin-17.0.7\bin\jimage.dll
0x00007ff949e80000 - 0x00007ff94a0b2000 	C:\WINDOWS\SYSTEM32\DBGHELP.DLL
0x00007ff9503d0000 - 0x00007ff950758000 	C:\WINDOWS\System32\combase.dll
0x00007ff9520b0000 - 0x00007ff952187000 	C:\WINDOWS\System32\OLEAUT32.dll
0x00007ff94a0c0000 - 0x00007ff94a0f2000 	C:\WINDOWS\SYSTEM32\dbgcore.DLL
0x00007ff950040000 - 0x00007ff9500b9000 	C:\WINDOWS\System32\bcryptPrimitives.dll
0x00007ff94aa70000 - 0x00007ff94aa7e000 	C:\Users\Lenovo\.jdks\temurin-17.0.7\bin\instrument.dll
0x00007ff928c20000 - 0x00007ff928c45000 	C:\Users\Lenovo\.jdks\temurin-17.0.7\bin\java.dll
0x00007ff8ed840000 - 0x00007ff8ed916000 	C:\Users\Lenovo\.jdks\temurin-17.0.7\bin\jsvml.dll
0x00007ff951620000 - 0x00007ff951e7c000 	C:\WINDOWS\System32\SHELL32.dll
0x00007ff94d5b0000 - 0x00007ff94dea6000 	C:\WINDOWS\SYSTEM32\windows.storage.dll
0x00007ff94d470000 - 0x00007ff94d5ae000 	C:\WINDOWS\SYSTEM32\wintypes.dll
0x00007ff951f00000 - 0x00007ff951ff5000 	C:\WINDOWS\System32\SHCORE.dll
0x00007ff9500c0000 - 0x00007ff95011e000 	C:\WINDOWS\System32\shlwapi.dll
0x00007ff94f5e0000 - 0x00007ff94f601000 	C:\WINDOWS\SYSTEM32\profapi.dll
0x00007ff93c590000 - 0x00007ff93c5a8000 	C:\Users\Lenovo\.jdks\temurin-17.0.7\bin\zip.dll
0x00007ff940560000 - 0x00007ff940579000 	C:\Users\Lenovo\.jdks\temurin-17.0.7\bin\net.dll
0x00007ff948390000 - 0x00007ff9484c6000 	C:\WINDOWS\SYSTEM32\WINHTTP.dll
0x00007ff94ec30000 - 0x00007ff94ec99000 	C:\WINDOWS\system32\mswsock.dll
0x00007ff93c5b0000 - 0x00007ff93c5c5000 	C:\Users\Lenovo\.jdks\temurin-17.0.7\bin\nio.dll
0x00007ff941890000 - 0x00007ff9418aa000 	C:\Program Files\JetBrains\IntelliJ IDEA 2023.1.4\bin\breakgen64.dll
0x00007ff94e180000 - 0x00007ff94e278000 	C:\WINDOWS\SYSTEM32\DNSAPI.dll
0x00007ff94e150000 - 0x00007ff94e17d000 	C:\WINDOWS\SYSTEM32\IPHLPAPI.DLL
0x00007ff951570000 - 0x00007ff951579000 	C:\WINDOWS\System32\NSI.dll
0x00007ff9474e0000 - 0x00007ff9474ea000 	C:\Windows\System32\rasadhlp.dll
0x00007ff946550000 - 0x00007ff9465d3000 	C:\WINDOWS\System32\fwpuclnt.dll
0x00007ff9491d0000 - 0x00007ff9491d9000 	C:\Users\Lenovo\.jdks\temurin-17.0.7\bin\management.dll
0x00007ff9491c0000 - 0x00007ff9491cb000 	C:\Users\Lenovo\.jdks\temurin-17.0.7\bin\management_ext.dll
0x00007ff950dd0000 - 0x00007ff950dd8000 	C:\WINDOWS\System32\PSAPI.DLL
0x00007ff94ee90000 - 0x00007ff94eeab000 	C:\WINDOWS\SYSTEM32\CRYPTSP.dll
0x00007ff94e6a0000 - 0x00007ff94e6d5000 	C:\WINDOWS\system32\rsaenh.dll
0x00007ff94ed30000 - 0x00007ff94ed58000 	C:\WINDOWS\SYSTEM32\USERENV.dll
0x00007ff94eeb0000 - 0x00007ff94eebc000 	C:\WINDOWS\SYSTEM32\CRYPTBASE.dll
0x00007ff948370000 - 0x00007ff948389000 	C:\WINDOWS\SYSTEM32\dhcpcsvc6.DLL
0x00007ff948350000 - 0x00007ff94836f000 	C:\WINDOWS\SYSTEM32\dhcpcsvc.DLL
0x00007ff91fec0000 - 0x00007ff91fed7000 	C:\WINDOWS\system32\napinsp.dll
0x00007ff91fea0000 - 0x00007ff91febb000 	C:\WINDOWS\system32\pnrpnsp.dll
0x00007ff91f570000 - 0x00007ff91f581000 	C:\WINDOWS\System32\winrnr.dll
0x00007ff91f550000 - 0x00007ff91f565000 	C:\WINDOWS\system32\wshbth.dll
0x00007ff91f520000 - 0x00007ff91f547000 	C:\WINDOWS\system32\nlansp_c.dll
0x00007ff9403e0000 - 0x00007ff9403f0000 	C:\Users\Lenovo\.jdks\temurin-17.0.7\bin\verify.dll

dbghelp: loaded successfully - version: 4.0.5 - missing functions: none
symbol engine: initialized successfully - sym options: 0x614 - pdb path: .;C:\Users\Lenovo\.jdks\temurin-17.0.7\bin;C:\WINDOWS\SYSTEM32;C:\WINDOWS\WinSxS\amd64_microsoft.windows.common-controls_6595b64144ccf1df_6.0.22621.3527_none_270e469b73872a76;C:\Users\Lenovo\.jdks\temurin-17.0.7\bin\server;C:\Program Files\JetBrains\IntelliJ IDEA 2023.1.4\bin

VM Arguments:
jvm_args: -XX:TieredStopAtLevel=1 -Dspring.output.ansi.enabled=always -Dcom.sun.management.jmxremote -Dspring.jmx.enabled=true -Dspring.liveBeansView.mbeanDomain -Dspring.application.admin.enabled=true -Dmanagement.endpoints.jmx.exposure.include=* -javaagent:C:\Program Files\JetBrains\IntelliJ IDEA 2023.1.4\lib\idea_rt.jar=56251:C:\Program Files\JetBrains\IntelliJ IDEA 2023.1.4\bin -Dfile.encoding=UTF-8 
java_command: com.clinitalPlatform.Application
java_class_path (initial): C:\Users\Lenovo\Desktop\OFFZONE\Projects\cloned project\clinital-plateformesante-backend\target\classes;C:\Users\Lenovo\.m2\repository\org\springframework\boot\spring-boot-starter-data-jpa\3.0.1\spring-boot-starter-data-jpa-3.0.1.jar;C:\Users\Lenovo\.m2\repository\org\springframework\boot\spring-boot-starter-aop\3.0.1\spring-boot-starter-aop-3.0.1.jar;C:\Users\Lenovo\.m2\repository\org\aspectj\aspectjweaver\1.9.19\aspectjweaver-1.9.19.jar;C:\Users\Lenovo\.m2\repository\org\springframework\boot\spring-boot-starter-jdbc\3.0.1\spring-boot-starter-jdbc-3.0.1.jar;C:\Users\Lenovo\.m2\repository\com\zaxxer\HikariCP\5.0.1\HikariCP-5.0.1.jar;C:\Users\Lenovo\.m2\repository\org\springframework\spring-jdbc\6.0.3\spring-jdbc-6.0.3.jar;C:\Users\Lenovo\.m2\repository\org\hibernate\orm\hibernate-core\6.1.6.Final\hibernate-core-6.1.6.Final.jar;C:\Users\Lenovo\.m2\repository\jakarta\persistence\jakarta.persistence-api\3.1.0\jakarta.persistence-api-3.1.0.jar;C:\Users\Lenovo\.m2\repository\jakarta\transaction\jakarta.transaction-api\2.0.1\jakarta.transaction-api-2.0.1.jar;C:\Users\Lenovo\.m2\repository\org\hibernate\common\hibernate-commons-annotations\6.0.2.Final\hibernate-commons-annotations-6.0.2.Final.jar;C:\Users\Lenovo\.m2\repository\org\jboss\jandex\2.4.2.Final\jandex-2.4.2.Final.jar;C:\Users\Lenovo\.m2\repository\net\bytebuddy\byte-buddy\1.12.20\byte-buddy-1.12.20.jar;C:\Users\Lenovo\.m2\repository\org\glassfish\jaxb\jaxb-runtime\4.0.1\jaxb-runtime-4.0.1.jar;C:\Users\Lenovo\.m2\repository\org\glassfish\jaxb\jaxb-core\4.0.1\jaxb-core-4.0.1.jar;C:\Users\Lenovo\.m2\repository\org\glassfish\jaxb\txw2\4.0.1\txw2-4.0.1.jar;C:\Users\Lenovo\.m2\repository\com\sun\istack\istack-commons-runtime\4.1.1\istack-commons-runtime-4.1.1.jar;C:\Users\Lenovo\.m2\repository\jakarta\inject\jakarta.inject-api\2.0.0\jakarta.inject-api-2.0.0.jar;C:\Users\Lenovo\.m2\repository\org\antlr\antlr4-runtime\4.10.1\antlr4-runtime-4.10.1.jar;C:\Users\Lenovo\.m2\repository\org\spring
Launcher Type: SUN_STANDARD

[Global flags]
     intx CICompilerCount                          = 4                                         {product} {ergonomic}
     uint ConcGCThreads                            = 2                                         {product} {ergonomic}
     uint G1ConcRefinementThreads                  = 8                                         {product} {ergonomic}
   size_t G1HeapRegionSize                         = 1048576                                   {product} {ergonomic}
    uintx GCDrainStackTargetSize                   = 64                                        {product} {ergonomic}
   size_t InitialHeapSize                          = 132120576                                 {product} {ergonomic}
     bool ManagementServer                         = true                                      {product} {command line}
   size_t MarkStackSize                            = 4194304                                   {product} {ergonomic}
   size_t MaxHeapSize                              = 2095054848                                {product} {ergonomic}
   size_t MaxNewSize                               = 1256194048                                {product} {ergonomic}
   size_t MinHeapDeltaBytes                        = 1048576                                   {product} {ergonomic}
   size_t MinHeapSize                              = 8388608                                   {product} {ergonomic}
    uintx NonProfiledCodeHeapSize                  = 0                                      {pd product} {ergonomic}
     bool ProfileInterpreter                       = false                                  {pd product} {command line}
    uintx ProfiledCodeHeapSize                     = 0                                      {pd product} {ergonomic}
   size_t SoftMaxHeapSize                          = 2095054848                             {manageable} {ergonomic}
     intx TieredStopAtLevel                        = 1                                         {product} {command line}
     bool UseCompressedClassPointers               = true                           {product lp64_product} {ergonomic}
     bool UseCompressedOops                        = true                           {product lp64_product} {ergonomic}
     bool UseG1GC                                  = true                                      {product} {ergonomic}
     bool UseLargePagesIndividualAllocation        = false                                  {pd product} {ergonomic}

Logging:
Log output configuration:
 #0: stdout all=warning uptime,level,tags
 #1: stderr all=off uptime,level,tags

Environment Variables:
JAVA_HOME=C:\Program Files\Eclipse Adoptium\jdk-17.0.7.7-hotspot\
PATH=C:\Program Files\Eclipse Adoptium\jdk-17.0.7.7-hotspot\bin;C:\Program Files (x86)\VMware\VMware Workstation\bin\;C:\WINDOWS\system32;C:\WINDOWS;C:\WINDOWS\System32\Wbem;C:\WINDOWS\System32\WindowsPowerShell\v1.0\;C:\WINDOWS\System32\OpenSSH\;C:\Program Files\Java\jdk-11.0.16\bin;C:\Program Files\apache-maven-3.9.0\bin;C:\Program Files\Microsoft SQL Server\Client SDK\ODBC\130\Tools\Binn\;C:\Program Files (x86)\Microsoft SQL Server\140\Tools\Binn\;C:\Program Files\Microsoft SQL Server\140\Tools\Binn\;C:\Program Files\Microsoft SQL Server\140\DTS\Binn\;C:\Program Files\Microsoft SQL Server\130\Tools\Binn\;C:\Program Files (x86)\Microsoft SQL Server\160\DTS\Binn\;C:\Program Files\Azure Data Studio\bin;C:\Program Files\nodejs\;C:\Program Files\Git\cmd;C:\Program Files\MySQL\MySQL Server 8.0\bin;;C:\Program Files\Docker\Docker\resources\bin;C:\Program Files\MySQL\MySQL Shell 8.0\bin\;C:\Users\Lenovo\AppData\Local\Programs\Python\Python37\Scripts\;C:\Users\Lenovo\AppData\Local\Programs\Python\Python37\;C:\Users\Lenovo\AppData\Local\Microsoft\WindowsApps;C:\Users\Lenovo\AppData\Local\Programs\Microsoft VS Code\bin;C:\Program Files\Azure Data Studio\bin;C:\Users\Lenovo\AppData\Local\GitHubDesktop\bin;C:\Users\Lenovo\AppData\Roaming\npm;C:\Program Files\JetBrains\IntelliJ IDEA 2023.1.4\bin;;C:\Program Files\JetBrains\IntelliJ IDEA Community Edition 2023.2\bin;;C:\modeltech64_10.6d\win64
USERNAME=Lenovo
OS=Windows_NT
PROCESSOR_IDENTIFIER=Intel64 Family 6 Model 140 Stepping 1, GenuineIntel
TMP=C:\Users\Lenovo\AppData\Local\Temp
TEMP=C:\Users\Lenovo\AppData\Local\Temp



---------------  S Y S T E M  ---------------

OS:
 Windows 11 , 64 bit Build 22621 (10.0.22621.3527)
OS uptime: 4 days 3:28 hours
Hyper-V role detected

CPU: total 8 (initial active 8) (4 cores per cpu, 2 threads per core) family 6 model 140 stepping 1 microcode 0x8a, cx8, cmov, fxsr, ht, mmx, 3dnowpref, sse, sse2, sse3, ssse3, sse4.1, sse4.2, popcnt, lzcnt, tsc, tscinvbit, avx, avx2, aes, erms, clmul, bmi1, bmi2, adx, avx512f, avx512dq, avx512cd, avx512bw, avx512vl, sha, fma, vzeroupper, avx512_vpopcntdq, avx512_vpclmulqdq, avx512_vaes, avx512_vnni, clflush, clflushopt, clwb, avx512_vbmi2, avx512_vbmi, hv

Memory: 4k page, system-wide physical 7991M (413M free)
TotalPageFile size 32567M (AvailPageFile size 9M)
current process WorkingSet (physical memory assigned to process): 156M, peak: 156M
current process commit charge ("private bytes"): 249M, peak: 265M

vm_info: OpenJDK 64-Bit Server VM (17.0.7+7) for windows-amd64 JRE (17.0.7+7), built on Apr 18 2023 22:10:42 by "temurin" with MS VC++ 16.7 (VS2019)

END.
